#
# There is insufficient memory for the Java Runtime Environment to continue.
# Native memory allocation (malloc) failed to allocate 1048576 bytes for AllocateHeap
# Possible reasons:
#   The system is out of physical RAM or swap space
#   The process is running with CompressedOops enabled, and the Java Heap may be blocking the growth of the native heap
# Possible solutions:
#   Reduce memory load on the system
#   Increase physical memory or swap space
#   Check if swap backing store is full
#   Decrease Java heap size (-Xmx/-Xms)
#   Decrease number of Java threads
#   Decrease Java thread stack sizes (-Xss)
#   Set larger code cache with -XX:ReservedCodeCacheSize=
#   JVM is running with Unscaled Compressed Oops mode in which the Java heap is
#     placed in the first 4GB address space. The Java Heap base address is the
#     maximum limit for the native heap growth. Please use -XX:HeapBaseMinAddress
#     to set the Java Heap base and to place the Java Heap above 4GB virtual address.
# This output file may be truncated or incomplete.
#
#  Out of Memory Error (memory/allocation.inline.hpp:61), pid=7880, tid=0x0000000000003c8c
#
# JRE version:  (8.0_221-b11) (build )
# Java VM: Java HotSpot(TM) 64-Bit Server VM (25.221-b11 mixed mode windows-amd64 compressed oops)
# Failed to write core dump. Minidumps are not enabled by default on client versions of Windows
#

---------------  T H R E A D  ---------------

Current thread (0x000000000234d800):  JavaThread "Unknown thread" [_thread_in_vm, id=15500, stack(0x00000000023a0000,0x00000000024a0000)]

Stack: [0x00000000023a0000,0x00000000024a0000]
[error occurred during error reporting (printing stack bounds), id 0xc0000005]

Native frames: (J=compiled Java code, j=interpreted, Vv=VM code, C=native code)


---------------  P R O C E S S  ---------------

Java Threads: ( => current thread )

Other Threads:

=>0x000000000234d800 (exited) JavaThread "Unknown thread" [_thread_in_vm, id=15500, stack(0x00000000023a0000,0x00000000024a0000)]

VM state:not at safepoint (normal execution)

VM Mutex/Monitor currently owned by a thread: None

heap address: 0x00000000c1600000, size: 1002 MB, Compressed Oops mode: 32-bit
Narrow klass base: 0x0000000000000000, Narrow klass shift: 3
Compressed class space size: 1073741824 Address: 0x0000000100000000

Heap:
 PSYoungGen      total 18944K, used 327K [0x00000000eb200000, 0x00000000ec700000, 0x0000000100000000)
  eden space 16384K, 2% used [0x00000000eb200000,0x00000000eb251ec8,0x00000000ec200000)
  from space 2560K, 0% used [0x00000000ec480000,0x00000000ec480000,0x00000000ec700000)
  to   space 2560K, 0% used [0x00000000ec200000,0x00000000ec200000,0x00000000ec480000)
 ParOldGen       total 44032K, used 0K [0x00000000c1600000, 0x00000000c4100000, 0x00000000eb200000)
  object space 44032K, 0% used [0x00000000c1600000,0x00000000c1600000,0x00000000c4100000)
 Metaspace       used 752K, capacity 4480K, committed 4480K, reserved 1056768K
  class space    used 76K, capacity 384K, committed 384K, reserved 1048576K

Card table byte_map: [0x0000000011960000,0x0000000011b60000] byte_map_base: 0x0000000011355000

Marking Bits: (ParMarkBitMap*) 0x000000005fa15ce0
 Begin Bits: [0x00000000120b0000, 0x0000000013058000)
 End Bits:   [0x0000000013058000, 0x0000000014000000)

Polling page: 0x0000000000bc0000

CodeCache: size=245760Kb used=328Kb max_used=328Kb free=245431Kb
 bounds [0x00000000025a0000, 0x0000000002810000, 0x00000000115a0000]
 total_blobs=58 nmethods=0 adapters=38
 compilation: enabled

Compilation events (0 events):
No events

GC Heap History (0 events):
No events

Deoptimization events (0 events):
No events

Classes redefined (0 events):
No events

Internal exceptions (0 events):
No events

Events (10 events):
Event: 0.049 loading class java/lang/Short
Event: 0.050 loading class java/lang/Short done
Event: 0.050 loading class java/lang/Integer
Event: 0.050 loading class java/lang/Integer done
Event: 0.050 loading class java/lang/Long
Event: 0.050 loading class java/lang/Long done
Event: 0.052 loading class java/lang/NullPointerException
Event: 0.052 loading class java/lang/NullPointerException done
Event: 0.052 loading class java/lang/ArithmeticException
Event: 0.052 loading class java/lang/ArithmeticException done


Dynamic libraries:
0x00007ff6cca20000 - 0x00007ff6cca57000 	C:\Program Files\Java\jre1.8.0_221\bin\javaw.exe
0x00007ff802850000 - 0x00007ff802a3d000 	C:\WINDOWS\SYSTEM32\ntdll.dll
0x00007fffffa50000 - 0x00007fffffb03000 	C:\WINDOWS\System32\KERNEL32.DLL
0x00007ffffe910000 - 0x00007ffffeba3000 	C:\WINDOWS\System32\KERNELBASE.dll
0x00007ff802770000 - 0x00007ff802813000 	C:\WINDOWS\System32\ADVAPI32.dll
0x00007ff8018f0000 - 0x00007ff80198e000 	C:\WINDOWS\System32\msvcrt.dll
0x00007ff800010000 - 0x00007ff8000ae000 	C:\WINDOWS\System32\sechost.dll
0x00007ff8020b0000 - 0x00007ff8021d2000 	C:\WINDOWS\System32\RPCRT4.dll
0x00007ff8000e0000 - 0x00007ff800277000 	C:\WINDOWS\System32\USER32.dll
0x00007ffffec60000 - 0x00007ffffec80000 	C:\WINDOWS\System32\win32u.dll
0x00007ff8000b0000 - 0x00007ff8000d9000 	C:\WINDOWS\System32\GDI32.dll
0x00007ffffef50000 - 0x00007fffff0e9000 	C:\WINDOWS\System32\gdi32full.dll
0x00007ffffed30000 - 0x00007ffffedd0000 	C:\WINDOWS\System32\msvcp_win.dll
0x00007ffffee50000 - 0x00007ffffef4a000 	C:\WINDOWS\System32\ucrtbase.dll
0x00007fffe8a90000 - 0x00007fffe8d09000 	C:\WINDOWS\WinSxS\amd64_microsoft.windows.common-controls_6595b64144ccf1df_6.0.17763.914_none_05b346b2072102f2\COMCTL32.dll
0x00007ff801d80000 - 0x00007ff8020ac000 	C:\WINDOWS\System32\combase.dll
0x00007ffffedd0000 - 0x00007ffffee4e000 	C:\WINDOWS\System32\bcryptPrimitives.dll
0x00007ff8024b0000 - 0x00007ff8024de000 	C:\WINDOWS\System32\IMM32.DLL
0x000000005fe70000 - 0x000000005ff42000 	C:\Program Files\Java\jre1.8.0_221\bin\msvcr100.dll
0x000000005f1f0000 - 0x000000005fa95000 	C:\Program Files\Java\jre1.8.0_221\bin\server\jvm.dll
0x00007ff8018e0000 - 0x00007ff8018e8000 	C:\WINDOWS\System32\PSAPI.DLL
0x00007ffff48d0000 - 0x00007ffff48f4000 	C:\WINDOWS\SYSTEM32\WINMM.dll
0x00007ffff5820000 - 0x00007ffff582a000 	C:\WINDOWS\SYSTEM32\VERSION.dll
0x00007ffff11a0000 - 0x00007ffff11cd000 	C:\WINDOWS\SYSTEM32\WINMMBASE.dll
0x00007ffffade0000 - 0x00007ffffade9000 	C:\WINDOWS\SYSTEM32\WSOCK32.dll
0x00007ff801b10000 - 0x00007ff801b7d000 	C:\WINDOWS\System32\WS2_32.dll
0x00007ffffec10000 - 0x00007ffffec5a000 	C:\WINDOWS\System32\cfgmgr32.dll
0x00007ffffa9a0000 - 0x00007ffffa9af000 	C:\Program Files\Java\jre1.8.0_221\bin\verify.dll
0x00007ffff7300000 - 0x00007ffff7329000 	C:\Program Files\Java\jre1.8.0_221\bin\java.dll
0x00007ffff95c0000 - 0x00007ffff95d6000 	C:\Program Files\Java\jre1.8.0_221\bin\zip.dll

VM Arguments:
jvm_args: -Dfile.encoding=Cp1252 
java_command: application.View.Main
java_class_path (initial): C:\Users\brian\eclipse-workspace\Ash-Li\bin;C:\Users\brian\.p2\pool\plugins\org.eclipse.fx.ide.css.jfx8_3.5.0.201902220800.jar
Launcher Type: SUN_STANDARD

Environment Variables:
PATH=C:/Program Files/Java/jre1.8.0_221/bin/server;C:/Program Files/Java/jre1.8.0_221/bin;C:/Program Files/Java/jre1.8.0_221/lib/amd64;C:\Program Files (x86)\Common Files\Oracle\Java\javapath;C:\WINDOWS\system32;C:\WINDOWS;C:\WINDOWS\System32\Wbem;C:\WINDOWS\System32\WindowsPowerShell\v1.0\;C:\Program Files\PuTTY\;C:\WINDOWS\System32\OpenSSH\;C:\Users\brian\AppData\Local\Microsoft\WindowsApps;;C:\Program Files (x86)\SSH Communications Security\SSH Secure Shell;C:\Users\brian\Desktop;
USERNAME=brian
OS=Windows_NT
PROCESSOR_IDENTIFIER=Intel64 Family 6 Model 69 Stepping 1, GenuineIntel



---------------  S Y S T E M  ---------------

OS: Windows 10.0 , 64 bit Build 17763 (10.0.17763.475)

CPU:total 4 (initial active 4) (2 cores per cpu, 2 threads per core) family 6 model 69 stepping 1, cmov, cx8, fxsr, mmx, sse, sse2, sse3, ssse3, sse4.1, sse4.2, popcnt, avx, avx2, aes, clmul, erms, lzcnt, ht, tsc, tscinvbit, bmi1, bmi2

Memory: 4k page, physical 4097088k(476264k free), swap 11036988k(5552k free)

vm_info: Java HotSpot(TM) 64-Bit Server VM (25.221-b11) for windows-amd64 JRE (1.8.0_221-b11), built on Jul  4 2019 04:39:29 by "java_re" with MS VC++ 10.0 (VS2010)

time: Sat Jan 11 10:24:40 2020
timezone: Central Standard Time
elapsed time: 0 seconds (0d 0h 0m 0s)

